<?xml version="1.0" encoding="UTF-8"?>
<robot generator="Robot 6.1.1 (Python 3.10.11 on win32)" generated="20240108 06:58:13.803" rpa="false" schemaversion="4">
<suite id="s1" name="AutoTest" source="C:\Users\User\Desktop\VA\QA Tests\iScale\New_Repo\AutoTest\Tests\AutoTest.robot">
<test id="s1-t1" name="Submit New Application Successfully" line="9">
<kw name="Given the Browser Opened to Login Page" library="Login_Resources">
<kw name="Open Browser" library="SeleniumLibrary">
<arg>${URL}</arg>
<arg>${BROWSER}</arg>
<doc>Opens a new browser instance to the optional ``url``.</doc>
<msg timestamp="20240108 06:58:14.041" level="INFO">Opening browser 'Chrome' to base url 'https://automationinterface1.front.staging.optimy.net/en/'.</msg>
<status status="PASS" starttime="20240108 06:58:14.040" endtime="20240108 06:58:17.860"/>
</kw>
<kw name="Maximize Browser Window" library="SeleniumLibrary">
<doc>Maximizes current browser window.</doc>
<status status="PASS" starttime="20240108 06:58:17.860" endtime="20240108 06:58:17.998"/>
</kw>
<kw name="Wait Until Element Contains" library="SeleniumLibrary">
<arg>${COOKIES_HEADER_LOCATOR}</arg>
<arg>This website uses cookies</arg>
<doc>Waits until the element ``locator`` contains ``text``.</doc>
<status status="PASS" starttime="20240108 06:58:17.998" endtime="20240108 06:58:18.101"/>
</kw>
<kw name="Click Button" library="SeleniumLibrary">
<arg>${ALLOW_ALL_COOKIES_BUTTON_LOCATOR}</arg>
<doc>Clicks the button identified by ``locator``.</doc>
<msg timestamp="20240108 06:58:18.103" level="INFO">Clicking button 'css:button#cookie-allow-all-button'.</msg>
<status status="PASS" starttime="20240108 06:58:18.102" endtime="20240108 06:58:18.185"/>
</kw>
<kw name="Wait Until Element Contains" library="SeleniumLibrary">
<arg>${LOGIN_BUTTON_LOCATOR}</arg>
<arg>Login</arg>
<doc>Waits until the element ``locator`` contains ``text``.</doc>
<status status="PASS" starttime="20240108 06:58:18.186" endtime="20240108 06:58:18.200"/>
</kw>
<kw name="Click Link" library="SeleniumLibrary">
<arg>${LOGIN_BUTTON_LOCATOR}</arg>
<doc>Clicks a link identified by ``locator``.</doc>
<msg timestamp="20240108 06:58:18.201" level="INFO">Clicking link 'css:a[href*="login"]'.</msg>
<status status="PASS" starttime="20240108 06:58:18.200" endtime="20240108 06:58:20.291"/>
</kw>
<kw name="Login Page should be Open" library="Login_Resources">
<kw name="Element Should Contain" library="SeleniumLibrary">
<arg>${IDENTIFICATION_TEXT_LOCATOR}</arg>
<arg>Identification</arg>
<doc>Verifies that element ``locator`` contains text ``expected``.</doc>
<msg timestamp="20240108 06:58:20.318" level="INFO">Element 'css:h1[class="h1"]' contains text 'Identification'.</msg>
<status status="PASS" starttime="20240108 06:58:20.292" endtime="20240108 06:58:20.318"/>
</kw>
<status status="PASS" starttime="20240108 06:58:20.291" endtime="20240108 06:58:20.318"/>
</kw>
<status status="PASS" starttime="20240108 06:58:14.040" endtime="20240108 06:58:20.318"/>
</kw>
<kw name="When the User Logs in the Credentials" library="Login_Resources">
<kw name="Input Username" library="Login_Resources">
<arg>${USER}</arg>
<kw name="Input Text" library="SeleniumLibrary">
<arg>${USERNAME_TEXTBOX_LOCATOR}</arg>
<arg>${username}</arg>
<doc>Types the given ``text`` into the text field identified by ``locator``.</doc>
<msg timestamp="20240108 06:58:20.320" level="INFO">Typing text 'optimyautomationtester@gmail.com' into text field 'css:input#login-email'.</msg>
<status status="PASS" starttime="20240108 06:58:20.319" endtime="20240108 06:58:20.413"/>
</kw>
<status status="PASS" starttime="20240108 06:58:20.319" endtime="20240108 06:58:20.413"/>
</kw>
<kw name="Input Password" library="Login_Resources">
<arg>${PASSWORD}</arg>
<kw name="Input Text" library="SeleniumLibrary">
<arg>${PASSWORD_TEXTBOX_LOCATOR}</arg>
<arg>${password}</arg>
<doc>Types the given ``text`` into the text field identified by ``locator``.</doc>
<msg timestamp="20240108 06:58:20.417" level="INFO">Typing text 'yRMhojb7' into text field 'css:input#login-password'.</msg>
<status status="PASS" starttime="20240108 06:58:20.416" endtime="20240108 06:58:20.511"/>
</kw>
<status status="PASS" starttime="20240108 06:58:20.414" endtime="20240108 06:58:20.511"/>
</kw>
<kw name="Click Button" library="SeleniumLibrary">
<arg>${LOGIN_SUBMIT_BUTTON_LOCATOR}</arg>
<doc>Clicks the button identified by ``locator``.</doc>
<msg timestamp="20240108 06:58:20.511" level="INFO">Clicking button 'css:button[class="btn btn-lg btn-primary col-12 mt-1 mt-md-2"]'.</msg>
<status status="PASS" starttime="20240108 06:58:20.511" endtime="20240108 06:58:22.218"/>
</kw>
<status status="PASS" starttime="20240108 06:58:20.319" endtime="20240108 06:58:22.218"/>
</kw>
<kw name="Then the User Login Successfully" library="Login_Resources">
<kw name="Click Button" library="SeleniumLibrary">
<arg>${USER_MENU_LOCATOR}</arg>
<doc>Clicks the button identified by ``locator``.</doc>
<msg timestamp="20240108 06:58:22.224" level="INFO">Clicking button 'css:button#user-menu'.</msg>
<status status="PASS" starttime="20240108 06:58:22.223" endtime="20240108 06:58:22.281"/>
</kw>
<kw name="Element Should Contain" library="SeleniumLibrary">
<arg>${LOGOUT_SELECTOR_LOCATOR}</arg>
<arg>Logout</arg>
<doc>Verifies that element ``locator`` contains text ``expected``.</doc>
<msg timestamp="20240108 06:58:22.315" level="INFO">Element 'css:a[href*="logout"]' contains text 'Logout'.</msg>
<status status="PASS" starttime="20240108 06:58:22.281" endtime="20240108 06:58:22.316"/>
</kw>
<status status="PASS" starttime="20240108 06:58:22.222" endtime="20240108 06:58:22.316"/>
</kw>
<kw name="And the Application is submitted" library="Submit_App_Resources">
<kw name="Click Link" library="SeleniumLibrary">
<arg>${SUBMIT_NEW_APPLICATION_BUTTON_HOME_PAGE_LOCATOR}</arg>
<doc>Clicks a link identified by ``locator``.</doc>
<msg timestamp="20240108 06:58:22.317" level="INFO">Clicking link 'css:a.btn.btn-primary.btn-lg.col-md-auto'.</msg>
<status status="PASS" starttime="20240108 06:58:22.317" endtime="20240108 06:58:24.882"/>
</kw>
<kw name="Wait Until Element Contains" library="SeleniumLibrary">
<arg>${CONTINUE_SUBMISSION_OF_APPLICATION_LOCATOR}</arg>
<arg>Continue with the submission of an application</arg>
<doc>Waits until the element ``locator`` contains ``text``.</doc>
<status status="PASS" starttime="20240108 06:58:24.882" endtime="20240108 06:58:24.904"/>
</kw>
<kw name="Click Link" library="SeleniumLibrary">
<arg>${SUBMIT_NEW_APPLICATION_BUTTON_IN_CONTINUE_PAGE_LOCATOR}</arg>
<doc>Clicks a link identified by ``locator``.</doc>
<msg timestamp="20240108 06:58:24.905" level="INFO">Clicking link 'css:a[class="btn btn-outline-primary"]'.</msg>
<status status="PASS" starttime="20240108 06:58:24.904" endtime="20240108 06:58:31.624"/>
</kw>
<kw name="Wait Until Element Contains" library="SeleniumLibrary">
<arg>${FILL_OUT_FORM_PAGE_LOCATOR}</arg>
<arg>Fill-out all forms</arg>
<doc>Waits until the element ``locator`` contains ``text``.</doc>
<status status="PASS" starttime="20240108 06:58:31.624" endtime="20240108 06:58:31.661"/>
</kw>
<kw name="Fill Out Form" library="Submit_App_Resources">
<kw name="Input Text" library="SeleniumLibrary">
<arg>${FIRST_NAME_TEXTBOX_LOCATOR}</arg>
<arg>${FIRST_NAME}</arg>
<doc>Types the given ``text`` into the text field identified by ``locator``.</doc>
<msg timestamp="20240108 06:58:31.661" level="INFO">Typing text 'Test' into text field 'css:body &gt; div:nth-child(1) &gt; main:nth-child(6) &gt; div:nth-child(1) &gt; div:nth-child(1) &gt; div:nth-child(31) &gt; div:nth-child(1) &gt; form:nth-child(1) &gt; div:nth-child(4) &gt; div:nth-child(1) &gt; div:nth-child(3) &gt; div:nth-child(1) &gt; fieldset:nth-child(1) &gt; div:nth-child(2) &gt; div:nth-child(1) &gt; fieldset:nth-child(1) &gt; div:nth-child(2) &gt; div:nth-child(1) &gt; div:nth-child(2) &gt; div:nth-child(1) &gt; div:nth-child(1) &gt; input:nth-child(1)'.</msg>
<status status="PASS" starttime="20240108 06:58:31.661" endtime="20240108 06:58:31.716"/>
</kw>
<kw name="Input Text" library="SeleniumLibrary">
<arg>${LAST_NAME_TEXTBOX_LOCATOR}</arg>
<arg>${LAST_NAME}</arg>
<doc>Types the given ``text`` into the text field identified by ``locator``.</doc>
<msg timestamp="20240108 06:58:31.717" level="INFO">Typing text 'Last' into text field 'css:body &gt; div:nth-child(1) &gt; main:nth-child(6) &gt; div:nth-child(1) &gt; div:nth-child(1) &gt; div:nth-child(31) &gt; div:nth-child(1) &gt; form:nth-child(1) &gt; div:nth-child(4) &gt; div:nth-child(1) &gt; div:nth-child(3) &gt; div:nth-child(1) &gt; fieldset:nth-child(1) &gt; div:nth-child(2) &gt; div:nth-child(1) &gt; fieldset:nth-child(1) &gt; div:nth-child(2) &gt; div:nth-child(2) &gt; div:nth-child(2) &gt; div:nth-child(1) &gt; div:nth-child(1) &gt; input:nth-child(1)'.</msg>
<status status="PASS" starttime="20240108 06:58:31.717" endtime="20240108 06:58:31.893"/>
</kw>
<kw name="Input Text" library="SeleniumLibrary">
<arg>${ADDRESS_TEXTBOX_LOCATOR}</arg>
<arg>${ADDRESS}</arg>
<doc>Types the given ``text`` into the text field identified by ``locator``.</doc>
<msg timestamp="20240108 06:58:31.893" level="INFO">Typing text 'Address#123123' into text field 'css:body &gt; div:nth-child(1) &gt; main:nth-child(6) &gt; div:nth-child(1) &gt; div:nth-child(1) &gt; div:nth-child(31) &gt; div:nth-child(1) &gt; form:nth-child(1) &gt; div:nth-child(4) &gt; div:nth-child(1) &gt; div:nth-child(3) &gt; div:nth-child(1) &gt; fieldset:nth-child(1) &gt; div:nth-child(2) &gt; div:nth-child(2) &gt; fieldset:nth-child(1) &gt; div:nth-child(2) &gt; div:nth-child(1) &gt; div:nth-child(2) &gt; div:nth-child(1) &gt; div:nth-child(1) &gt; textarea:nth-child(1)'.</msg>
<status status="PASS" starttime="20240108 06:58:31.893" endtime="20240108 06:58:32.004"/>
</kw>
<kw name="Input Text" library="SeleniumLibrary">
<arg>${POSTAL_TEXTBOX_LOCATOR}</arg>
<arg>${POSTAL}</arg>
<doc>Types the given ``text`` into the text field identified by ``locator``.</doc>
<msg timestamp="20240108 06:58:32.004" level="INFO">Typing text '1000' into text field 'css:input[name='131e1102-02ae-5770-b1a5-df15fcdd4733::e57df0b5-c2ad-514a-967f-ee8b962f5ed4']'.</msg>
<status status="PASS" starttime="20240108 06:58:32.004" endtime="20240108 06:58:32.099"/>
</kw>
<kw name="Sleep" library="BuiltIn">
<arg>3s</arg>
<doc>Pauses the test executed for the given time.</doc>
<msg timestamp="20240108 06:58:35.108" level="INFO">Slept 3 seconds</msg>
<status status="PASS" starttime="20240108 06:58:32.099" endtime="20240108 06:58:35.108"/>
</kw>
<kw name="Click Element" library="SeleniumLibrary">
<arg>${POSTAL_SELECTION_LOCATOR}</arg>
<doc>Click the element identified by ``locator``.</doc>
<msg timestamp="20240108 06:58:35.110" level="INFO">Clicking element 'css:a#ui-id-2'.</msg>
<status status="PASS" starttime="20240108 06:58:35.108" endtime="20240108 06:58:35.174"/>
</kw>
<kw name="Select From List By Value" library="SeleniumLibrary">
<arg>${COUNTRY_DROPDOWN_LOCATOR}</arg>
<arg>${COUNTRY}</arg>
<doc>Selects options from selection list ``locator`` by ``values``.</doc>
<msg timestamp="20240108 06:58:35.175" level="INFO">Selecting options from selection list 'css:body &gt; div:nth-child(1) &gt; main:nth-child(6) &gt; div:nth-child(1) &gt; div:nth-child(1) &gt; div:nth-child(31) &gt; div:nth-child(1) &gt; form:nth-child(1) &gt; div:nth-child(4) &gt; div:nth-child(1) &gt; div:nth-child(3) &gt; div:nth-child(1) &gt; fieldset:nth-child(1) &gt; div:nth-child(2) &gt; div:nth-child(2) &gt; fieldset:nth-child(1) &gt; div:nth-child(2) &gt; div:nth-child(3) &gt; div:nth-child(2) &gt; div:nth-child(1) &gt; div:nth-child(2) &gt; select:nth-child(1)' by value PH.</msg>
<status status="PASS" starttime="20240108 06:58:35.174" endtime="20240108 06:58:35.236"/>
</kw>
<kw name="Choose File" library="SeleniumLibrary">
<arg>${UPLOAD_IMAGE_LOCATOR}</arg>
<arg>${IMAGE}</arg>
<doc>Inputs the ``file_path`` into the file input field ``locator``.</doc>
<msg timestamp="20240108 06:58:35.237" level="INFO">Sending C:\Users\User\Desktop\VA\QA Tests\iScale\New_Repo\AutoTest\Resources\Gojo.jpg to browser.</msg>
<status status="PASS" starttime="20240108 06:58:35.237" endtime="20240108 06:58:35.325"/>
</kw>
<kw name="Click Element" library="SeleniumLibrary">
<arg>${GENDER_MALE_RADIO_BUTTON_LOCATOR}</arg>
<doc>Click the element identified by ``locator``.</doc>
<msg timestamp="20240108 06:58:35.326" level="INFO">Clicking element 'css:label[aria-label='Male'] div[class='custom-control-label radio-checkbox-li-element-label']'.</msg>
<status status="PASS" starttime="20240108 06:58:35.326" endtime="20240108 06:58:35.376"/>
</kw>
<kw name="Select From List By Value" library="SeleniumLibrary">
<arg>${ROLE_DROPDOWN_LOCATOR}</arg>
<arg>${ROLE}</arg>
<doc>Selects options from selection list ``locator`` by ``values``.</doc>
<msg timestamp="20240108 06:58:35.377" level="INFO">Selecting options from selection list 'css:select#field_f801d7d8-0762-5407-95f9-b8c3a793157c' by value 7026c894-4e85-5e16-910a-b19ca1013c74.</msg>
<status status="PASS" starttime="20240108 06:58:35.377" endtime="20240108 06:58:35.537"/>
</kw>
<kw name="Click Element" library="SeleniumLibrary">
<arg>${ROBOT_CHECKBOX_LOCATOR}</arg>
<doc>Click the element identified by ``locator``.</doc>
<msg timestamp="20240108 06:58:35.537" level="INFO">Clicking element 'css:label[aria-label='Robot Framework'] div[class='custom-control-label radio-checkbox-li-element-label']'.</msg>
<status status="PASS" starttime="20240108 06:58:35.537" endtime="20240108 06:58:35.666"/>
</kw>
<status status="PASS" starttime="20240108 06:58:31.661" endtime="20240108 06:58:35.666"/>
</kw>
<kw name="Sleep" library="BuiltIn">
<arg>5s</arg>
<doc>Pauses the test executed for the given time.</doc>
<msg timestamp="20240108 06:58:40.681" level="INFO">Slept 5 seconds</msg>
<status status="PASS" starttime="20240108 06:58:35.667" endtime="20240108 06:58:40.681"/>
</kw>
<kw name="Click Button" library="SeleniumLibrary">
<arg>${NEXT_SCREEN_BUTTON_LOCATOR}</arg>
<doc>Clicks the button identified by ``locator``.</doc>
<msg timestamp="20240108 06:58:40.682" level="INFO">Clicking button 'css:button#navButtonNext'.</msg>
<status status="PASS" starttime="20240108 06:58:40.681" endtime="20240108 06:58:40.750"/>
</kw>
<kw name="Wait Until Element Contains" library="SeleniumLibrary">
<arg>${SUMMARY_PAGE_LOCATOR}</arg>
<arg>Summary</arg>
<doc>Waits until the element ``locator`` contains ``text``.</doc>
<status status="PASS" starttime="20240108 06:58:40.751" endtime="20240108 06:58:47.689"/>
</kw>
<kw name="Sleep" library="BuiltIn">
<arg>3s</arg>
<doc>Pauses the test executed for the given time.</doc>
<msg timestamp="20240108 06:58:50.699" level="INFO">Slept 3 seconds</msg>
<status status="PASS" starttime="20240108 06:58:47.689" endtime="20240108 06:58:50.699"/>
</kw>
<kw name="Click Button" library="SeleniumLibrary">
<arg>${VALIDATE_AND_SEND_BUTTON_LOCATOR}</arg>
<doc>Clicks the button identified by ``locator``.</doc>
<msg timestamp="20240108 06:58:50.701" level="INFO">Clicking button 'css:body &gt; div:nth-child(1) &gt; main:nth-child(6) &gt; div:nth-child(1) &gt; div:nth-child(1) &gt; div:nth-child(32) &gt; div:nth-child(1) &gt; form:nth-child(1) &gt; div:nth-child(4) &gt; div:nth-child(2) &gt; div:nth-child(4) &gt; div:nth-child(2) &gt; button:nth-child(1)'.</msg>
<status status="PASS" starttime="20240108 06:58:50.699" endtime="20240108 06:58:50.767"/>
</kw>
<kw name="Wait Until Element Contains" library="SeleniumLibrary">
<arg>${THANK_YOU_FOR_SUBMITTING_YOUR_PROJECT_TEXT_LOCATOR}</arg>
<arg>Thank you for submitting your project</arg>
<doc>Waits until the element ``locator`` contains ``text``.</doc>
<status status="PASS" starttime="20240108 06:58:50.767" endtime="20240108 06:58:54.612"/>
</kw>
<status status="PASS" starttime="20240108 06:58:22.317" endtime="20240108 06:58:54.612"/>
</kw>
<status status="PASS" starttime="20240108 06:58:14.039" endtime="20240108 06:58:54.612"/>
</test>
<doc>A test suite with Submitting New Application Successfully using Gherkin Style.</doc>
<status status="PASS" starttime="20240108 06:58:13.805" endtime="20240108 06:58:54.613"/>
</suite>
<statistics>
<total>
<stat pass="1" fail="0" skip="0">All Tests</stat>
</total>
<tag>
</tag>
<suite>
<stat pass="1" fail="0" skip="0" id="s1" name="AutoTest">AutoTest</stat>
</suite>
</statistics>
<errors>
</errors>
</robot>
